<?xml version="1.0" encoding="UTF-8"?>
<!-- Generated by org.testng.reporters.JUnitReportReporter -->
<testsuite skipped="13" hostname="Chetuiwk1317" name="reports.DownloadReports" tests="15" failures="0" timestamp="01 Jun 2017 13:08:55 GMT" time="63.754" errors="0">
  <testcase name="login" time="33.493" classname="reports.DownloadReports"/>
  <testcase name="download_Reports_Finance_GameRevenueReport" time="30.261" classname="reports.DownloadReports"/>
  <testcase name="download_Reports_Finance_JackpotContribution" classname="reports.DownloadReports">
    <skipped/>
  </testcase> <!-- download_Reports_Finance_JackpotContribution -->
  <testcase name="download_Reports_Finance_GrossProfitSportBetting" classname="reports.DownloadReports">
    <skipped/>
  </testcase> <!-- download_Reports_Finance_GrossProfitSportBetting -->
  <testcase name="download_Reports_Finance_InternalNetProfit" classname="reports.DownloadReports">
    <skipped/>
  </testcase> <!-- download_Reports_Finance_InternalNetProfit -->
  <testcase name="download_Reports_Finance_NetProfitCasino" classname="reports.DownloadReports">
    <skipped/>
  </testcase> <!-- download_Reports_Finance_NetProfitCasino -->
  <testcase name="download_Reports_Finance_PlayerWithdrawl" classname="reports.DownloadReports">
    <skipped/>
  </testcase> <!-- download_Reports_Finance_PlayerWithdrawl -->
  <testcase name="download_Reports_Finance_InternalGrossProfitCasino" classname="reports.DownloadReports">
    <skipped/>
  </testcase> <!-- download_Reports_Finance_InternalGrossProfitCasino -->
  <testcase name="download_Reports_Finance_AccountAdjustment" classname="reports.DownloadReports">
    <skipped/>
  </testcase> <!-- download_Reports_Finance_AccountAdjustment -->
  <testcase name="download_Reports_Finance_PaymentMethods" classname="reports.DownloadReports">
    <skipped/>
  </testcase> <!-- download_Reports_Finance_PaymentMethods -->
  <testcase name="download_Reports_Finance_GrossProfitPlayers" classname="reports.DownloadReports">
    <skipped/>
  </testcase> <!-- download_Reports_Finance_GrossProfitPlayers -->
  <testcase name="download_Reports_Finance_PlayerDeposit" classname="reports.DownloadReports">
    <skipped/>
  </testcase> <!-- download_Reports_Finance_PlayerDeposit -->
  <testcase name="download_Reports_Finance_GrossProfitReport" classname="reports.DownloadReports">
    <skipped/>
  </testcase> <!-- download_Reports_Finance_GrossProfitReport -->
  <testcase name="download_Reports_Finance_MirroringServer" classname="reports.DownloadReports">
    <skipped/>
  </testcase> <!-- download_Reports_Finance_MirroringServer -->
  <testcase name="download_Reports_Finance_SafetyServer" classname="reports.DownloadReports">
    <skipped/>
  </testcase> <!-- download_Reports_Finance_SafetyServer -->
</testsuite> <!-- reports.DownloadReports -->
